<?xml version="1.0" encoding="UTF-8"?>
<!-- Generated by org.testng.reporters.JUnitXMLReporter -->
<testsuite ignored="0" hostname="LAPTOP-O052506G" failures="1" tests="2" name="Test" time="39.095" errors="0" timestamp="2022-11-11T14:58:30 IST">
  <testcase classname="Com.testclass.TC02_VerifyReleaseDate" name="vefityCountryName" time="10.295">
    <failure type="java.lang.AssertionError" message="expected [Release date] but found [17 December 2021]">
      <![CDATA[java.lang.AssertionError: expected [Release date] but found [17 December 2021]
at Com.testclass.TC02_VerifyReleaseDate.vefityCountryName(TC02_VerifyReleaseDate.java:22)
at java.base/java.util.ArrayList.forEach(ArrayList.java:1511)
... Removed 33 stack frames]]>
    </failure>
  </testcase> <!-- vefityCountryName -->
  <testcase classname="Com.testclass.TC01_VerifyCountryName" name="vefityCountryName" time="17.766"/>
</testsuite> <!-- Test -->
